{"C:\\Users\\rkras\\Documents\\StudyMaterial\\WebD\\testing-demo\\src\\index.ts": {"path":"C:\\Users\\rkras\\Documents\\StudyMaterial\\WebD\\testing-demo\\src\\index.ts","statementMap":{"0":{"start":{"line":5,"column":19},"end":{"line":5,"column":27}},"1":{"start":{"line":8,"column":0},"end":{"line":8,"column":null}},"2":{"start":{"line":10,"column":17},"end":{"line":13,"column":null}},"3":{"start":{"line":15,"column":0},"end":{"line":46,"column":null}},"4":{"start":{"line":16,"column":25},"end":{"line":16,"column":null}},"5":{"start":{"line":18,"column":2},"end":{"line":22,"column":null}},"6":{"start":{"line":19,"column":4},"end":{"line":21,"column":null}},"7":{"start":{"line":25,"column":4},"end":{"line":26,"column":null}},"8":{"start":{"line":28,"column":2},"end":{"line":45,"column":null}},"9":{"start":{"line":29,"column":21},"end":{"line":35,"column":null}},"10":{"start":{"line":37,"column":4},"end":{"line":40,"column":null}},"11":{"start":{"line":42,"column":4},"end":{"line":44,"column":null}}},"fnMap":{"0":{"name":"(anonymous_0)","decl":{"start":{"line":15,"column":17},"end":{"line":15,"column":24}},"loc":{"start":{"line":15,"column":37},"end":{"line":46,"column":1}},"line":15}},"branchMap":{"0":{"loc":{"start":{"line":18,"column":2},"end":{"line":22,"column":null}},"type":"if","locations":[{"start":{"line":18,"column":2},"end":{"line":22,"column":null}},{"start":{},"end":{}}],"line":18}},"s":{"0":1,"1":1,"2":1,"3":1,"4":4,"5":4,"6":1,"7":3,"8":3,"9":3,"10":2,"11":1},"f":{"0":4},"b":{"0":[1,3]},"meta":{"lastBranch":1,"lastFunction":1,"lastStatement":12,"seen":{"s:5:19:5:27":0,"s:8:0:8:Infinity":1,"s:10:17:13:Infinity":2,"s:15:0:46:Infinity":3,"f:15:17:15:24":0,"s:16:25:16:Infinity":4,"b:18:2:22:Infinity:undefined:undefined:undefined:undefined":0,"s:18:2:22:Infinity":5,"s:19:4:21:Infinity":6,"s:25:4:26:Infinity":7,"s:28:2:45:Infinity":8,"s:29:21:35:Infinity":9,"s:37:4:40:Infinity":10,"s:42:4:44:Infinity":11},"fnNames":{}}}
,"C:\\Users\\rkras\\Documents\\StudyMaterial\\WebD\\testing-demo\\src\\__mocks__\\db.ts": {"path":"C:\\Users\\rkras\\Documents\\StudyMaterial\\WebD\\testing-demo\\src\\__mocks__\\db.ts","statementMap":{"0":{"start":{"line":4,"column":28},"end":{"line":4,"column":51}}},"fnMap":{},"branchMap":{},"s":{"0":1},"f":{},"b":{},"meta":{"lastBranch":0,"lastFunction":0,"lastStatement":1,"seen":{"s:4:28:4:51":0},"fnNames":{}}}
}
